<?xml version="1.0" encoding="UTF-8"?>
<!-- Generated by org.testng.reporters.JUnitReportReporter -->
<testsuite hostname="DESKTOP-UB2UHJP" failures="0" tests="1" name="in.reqres.api.tc.ListUsersEndPointValidation" time="11.422" errors="0" timestamp="13 Oct 2021 05:28:35 GMT" skipped="0">
  <testcase classname="in.reqres.api.tc.ListUsersEndPointValidation" name="listUsersEndPointValidation" time="11.422"/>
</testsuite> <!-- in.reqres.api.tc.ListUsersEndPointValidation -->
